2023-05-28 01:36:22,261 INFO a.t.UserTests [main] *********creating user info****************
2023-05-28 01:36:24,878 INFO a.t.UserTests [main] *********user info created****************
2023-05-28 01:36:24,889 INFO a.t.UserTests [main] *********reading user info****************
2023-05-28 01:36:25,989 INFO a.t.UserTests [main] *********user info displayed****************
2023-05-28 01:36:25,992 INFO a.t.UserTests [main] *********updating user info****************
2023-05-28 01:36:27,202 INFO a.t.UserTests [main] *********updated user info****************
2023-05-28 01:36:29,454 INFO a.t.UserTests [main] *********deleting user info****************
2023-05-28 01:36:30,577 INFO a.t.UserTests [main] *********user info deleted****************
2023-05-28 01:36:31,173 INFO a.t.DataDriverTest [main] *********creating user info****************
2023-05-28 01:36:32,283 INFO a.t.DataDriverTest [main] *********Created user info****************
2023-05-28 01:36:32,286 INFO a.t.DataDriverTest [main] *********creating user info****************
2023-05-28 01:36:33,413 INFO a.t.DataDriverTest [main] *********Created user info****************
2023-05-28 01:36:33,416 INFO a.t.DataDriverTest [main] *********creating user info****************
2023-05-28 01:36:34,463 INFO a.t.DataDriverTest [main] *********Created user info****************
2023-05-28 01:36:34,502 INFO a.t.DataDriverTest [main] *********deleting user info****************
2023-05-28 01:36:35,674 INFO a.t.DataDriverTest [main] *********user info DELETED****************
2023-05-28 01:36:35,678 INFO a.t.DataDriverTest [main] *********deleting user info****************
2023-05-28 01:36:36,742 INFO a.t.DataDriverTest [main] *********user info DELETED****************
2023-05-28 01:36:36,745 INFO a.t.DataDriverTest [main] *********deleting user info****************
2023-05-28 01:36:37,833 INFO a.t.DataDriverTest [main] *********user info DELETED****************
2023-05-28 01:37:23,441 INFO a.t.UserTests [main] *********creating user info****************
2023-05-28 01:37:25,828 INFO a.t.UserTests [main] *********user info created****************
2023-05-28 01:37:25,840 INFO a.t.UserTests [main] *********reading user info****************
2023-05-28 01:37:26,949 INFO a.t.UserTests [main] *********user info displayed****************
2023-05-28 01:37:26,952 INFO a.t.UserTests [main] *********updating user info****************
2023-05-28 01:37:28,059 INFO a.t.UserTests [main] *********updated user info****************
2023-05-28 01:37:30,259 INFO a.t.UserTests [main] *********deleting user info****************
2023-05-28 01:37:31,366 INFO a.t.UserTests [main] *********user info deleted****************
2023-05-28 01:37:31,445 DEBUG o.a.p.o.o.PackageRelationshipCollection [main] Parsing relationship: /xl/_rels/workbook.xml.rels
2023-05-28 01:37:31,446 DEBUG o.a.p.o.o.PackageRelationshipCollection [main] Parsing relationship: /_rels/.rels
2023-05-28 01:37:31,715 DEBUG o.a.p.o.o.PackageRelationshipCollection [main] Parsing relationship: /xl/_rels/workbook.xml.rels
2023-05-28 01:37:31,716 DEBUG o.a.p.o.o.PackageRelationshipCollection [main] Parsing relationship: /_rels/.rels
2023-05-28 01:37:31,730 DEBUG o.a.p.o.o.PackageRelationshipCollection [main] Parsing relationship: /xl/_rels/workbook.xml.rels
2023-05-28 01:37:31,731 DEBUG o.a.p.o.o.PackageRelationshipCollection [main] Parsing relationship: /_rels/.rels
2023-05-28 01:37:31,756 DEBUG o.a.p.o.o.PackageRelationshipCollection [main] Parsing relationship: /xl/_rels/workbook.xml.rels
2023-05-28 01:37:31,757 DEBUG o.a.p.o.o.PackageRelationshipCollection [main] Parsing relationship: /_rels/.rels
2023-05-28 01:37:31,771 DEBUG o.a.p.o.o.PackageRelationshipCollection [main] Parsing relationship: /xl/_rels/workbook.xml.rels
2023-05-28 01:37:31,772 DEBUG o.a.p.o.o.PackageRelationshipCollection [main] Parsing relationship: /_rels/.rels
2023-05-28 01:37:31,784 DEBUG o.a.p.o.o.PackageRelationshipCollection [main] Parsing relationship: /xl/_rels/workbook.xml.rels
2023-05-28 01:37:31,785 DEBUG o.a.p.o.o.PackageRelationshipCollection [main] Parsing relationship: /_rels/.rels
2023-05-28 01:37:31,797 DEBUG o.a.p.o.o.PackageRelationshipCollection [main] Parsing relationship: /xl/_rels/workbook.xml.rels
2023-05-28 01:37:31,798 DEBUG o.a.p.o.o.PackageRelationshipCollection [main] Parsing relationship: /_rels/.rels
2023-05-28 01:37:31,810 DEBUG o.a.p.o.o.PackageRelationshipCollection [main] Parsing relationship: /xl/_rels/workbook.xml.rels
2023-05-28 01:37:31,810 DEBUG o.a.p.o.o.PackageRelationshipCollection [main] Parsing relationship: /_rels/.rels
2023-05-28 01:37:31,822 DEBUG o.a.p.o.o.PackageRelationshipCollection [main] Parsing relationship: /xl/_rels/workbook.xml.rels
2023-05-28 01:37:31,823 DEBUG o.a.p.o.o.PackageRelationshipCollection [main] Parsing relationship: /_rels/.rels
2023-05-28 01:37:31,835 DEBUG o.a.p.o.o.PackageRelationshipCollection [main] Parsing relationship: /xl/_rels/workbook.xml.rels
2023-05-28 01:37:31,835 DEBUG o.a.p.o.o.PackageRelationshipCollection [main] Parsing relationship: /_rels/.rels
2023-05-28 01:37:31,847 DEBUG o.a.p.o.o.PackageRelationshipCollection [main] Parsing relationship: /xl/_rels/workbook.xml.rels
2023-05-28 01:37:31,848 DEBUG o.a.p.o.o.PackageRelationshipCollection [main] Parsing relationship: /_rels/.rels
2023-05-28 01:37:31,859 DEBUG o.a.p.o.o.PackageRelationshipCollection [main] Parsing relationship: /xl/_rels/workbook.xml.rels
2023-05-28 01:37:31,859 DEBUG o.a.p.o.o.PackageRelationshipCollection [main] Parsing relationship: /_rels/.rels
2023-05-28 01:37:31,870 DEBUG o.a.p.o.o.PackageRelationshipCollection [main] Parsing relationship: /xl/_rels/workbook.xml.rels
2023-05-28 01:37:31,871 DEBUG o.a.p.o.o.PackageRelationshipCollection [main] Parsing relationship: /_rels/.rels
2023-05-28 01:37:31,881 DEBUG o.a.p.o.o.PackageRelationshipCollection [main] Parsing relationship: /xl/_rels/workbook.xml.rels
2023-05-28 01:37:31,882 DEBUG o.a.p.o.o.PackageRelationshipCollection [main] Parsing relationship: /_rels/.rels
2023-05-28 01:37:31,893 DEBUG o.a.p.o.o.PackageRelationshipCollection [main] Parsing relationship: /xl/_rels/workbook.xml.rels
2023-05-28 01:37:31,894 DEBUG o.a.p.o.o.PackageRelationshipCollection [main] Parsing relationship: /_rels/.rels
2023-05-28 01:37:31,903 DEBUG o.a.p.o.o.PackageRelationshipCollection [main] Parsing relationship: /xl/_rels/workbook.xml.rels
2023-05-28 01:37:31,904 DEBUG o.a.p.o.o.PackageRelationshipCollection [main] Parsing relationship: /_rels/.rels
2023-05-28 01:37:31,914 DEBUG o.a.p.o.o.PackageRelationshipCollection [main] Parsing relationship: /xl/_rels/workbook.xml.rels
2023-05-28 01:37:31,915 DEBUG o.a.p.o.o.PackageRelationshipCollection [main] Parsing relationship: /_rels/.rels
2023-05-28 01:37:31,925 DEBUG o.a.p.o.o.PackageRelationshipCollection [main] Parsing relationship: /xl/_rels/workbook.xml.rels
2023-05-28 01:37:31,925 DEBUG o.a.p.o.o.PackageRelationshipCollection [main] Parsing relationship: /_rels/.rels
2023-05-28 01:37:31,936 DEBUG o.a.p.o.o.PackageRelationshipCollection [main] Parsing relationship: /xl/_rels/workbook.xml.rels
2023-05-28 01:37:31,937 DEBUG o.a.p.o.o.PackageRelationshipCollection [main] Parsing relationship: /_rels/.rels
2023-05-28 01:37:31,947 DEBUG o.a.p.o.o.PackageRelationshipCollection [main] Parsing relationship: /xl/_rels/workbook.xml.rels
2023-05-28 01:37:31,948 DEBUG o.a.p.o.o.PackageRelationshipCollection [main] Parsing relationship: /_rels/.rels
2023-05-28 01:37:31,959 DEBUG o.a.p.o.o.PackageRelationshipCollection [main] Parsing relationship: /xl/_rels/workbook.xml.rels
2023-05-28 01:37:31,959 DEBUG o.a.p.o.o.PackageRelationshipCollection [main] Parsing relationship: /_rels/.rels
2023-05-28 01:37:31,971 DEBUG o.a.p.o.o.PackageRelationshipCollection [main] Parsing relationship: /xl/_rels/workbook.xml.rels
2023-05-28 01:37:31,972 DEBUG o.a.p.o.o.PackageRelationshipCollection [main] Parsing relationship: /_rels/.rels
2023-05-28 01:37:31,981 DEBUG o.a.p.o.o.PackageRelationshipCollection [main] Parsing relationship: /xl/_rels/workbook.xml.rels
2023-05-28 01:37:31,981 DEBUG o.a.p.o.o.PackageRelationshipCollection [main] Parsing relationship: /_rels/.rels
2023-05-28 01:37:31,991 INFO a.t.DataDriverTest [main] *********creating user info****************
2023-05-28 01:37:33,148 INFO a.t.DataDriverTest [main] *********Created user info****************
2023-05-28 01:37:33,152 INFO a.t.DataDriverTest [main] *********creating user info****************
2023-05-28 01:37:34,282 INFO a.t.DataDriverTest [main] *********Created user info****************
2023-05-28 01:37:34,285 INFO a.t.DataDriverTest [main] *********creating user info****************
2023-05-28 01:37:35,450 INFO a.t.DataDriverTest [main] *********Created user info****************
2023-05-28 01:37:35,456 DEBUG o.a.p.o.o.PackageRelationshipCollection [main] Parsing relationship: /xl/_rels/workbook.xml.rels
2023-05-28 01:37:35,456 DEBUG o.a.p.o.o.PackageRelationshipCollection [main] Parsing relationship: /_rels/.rels
2023-05-28 01:37:35,465 DEBUG o.a.p.o.o.PackageRelationshipCollection [main] Parsing relationship: /xl/_rels/workbook.xml.rels
2023-05-28 01:37:35,465 DEBUG o.a.p.o.o.PackageRelationshipCollection [main] Parsing relationship: /_rels/.rels
2023-05-28 01:37:35,474 DEBUG o.a.p.o.o.PackageRelationshipCollection [main] Parsing relationship: /xl/_rels/workbook.xml.rels
2023-05-28 01:37:35,474 DEBUG o.a.p.o.o.PackageRelationshipCollection [main] Parsing relationship: /_rels/.rels
2023-05-28 01:37:35,481 DEBUG o.a.p.o.o.PackageRelationshipCollection [main] Parsing relationship: /xl/_rels/workbook.xml.rels
2023-05-28 01:37:35,482 DEBUG o.a.p.o.o.PackageRelationshipCollection [main] Parsing relationship: /_rels/.rels
2023-05-28 01:37:35,489 INFO a.t.DataDriverTest [main] *********deleting user info****************
2023-05-28 01:37:36,610 INFO a.t.DataDriverTest [main] *********user info DELETED****************
2023-05-28 01:37:36,611 INFO a.t.DataDriverTest [main] *********deleting user info****************
2023-05-28 01:37:37,718 INFO a.t.DataDriverTest [main] *********user info DELETED****************
2023-05-28 01:37:37,720 INFO a.t.DataDriverTest [main] *********deleting user info****************
2023-05-28 01:37:38,819 INFO a.t.DataDriverTest [main] *********user info DELETED****************
2023-05-28 19:27:20,000 INFO a.t.UserTestsPropertiesFile [main] *********creating user info****************
2023-05-28 19:27:21,125 INFO a.t.UserTestsPropertiesFile [main] *********reading user info****************
2023-05-28 19:27:21,150 INFO a.t.UserTestsPropertiesFile [main] *********updating user info****************
2023-05-28 19:27:21,163 INFO a.t.UserTestsPropertiesFile [main] *********deleting user info****************
2023-05-28 20:07:20,084 INFO a.t.UserTests [main] *********creating user info****************
2023-05-28 20:07:22,443 INFO a.t.UserTests [main] *********user info created****************
2023-05-28 20:07:22,448 INFO a.t.UserTests [main] *********reading user info****************
2023-05-28 20:07:23,547 INFO a.t.UserTests [main] *********user info displayed****************
2023-05-28 20:07:23,549 INFO a.t.UserTests [main] *********updating user info****************
2023-05-28 20:07:24,631 INFO a.t.UserTests [main] *********updated user info****************
2023-05-28 20:07:26,972 INFO a.t.UserTests [main] *********deleting user info****************
2023-05-28 20:07:28,111 INFO a.t.UserTests [main] *********user info deleted****************
2023-05-28 20:39:35,050 INFO a.t.UserTestsPropertiesFile [main] *********creating user info****************
2023-05-28 20:39:36,074 INFO a.t.UserTestsPropertiesFile [main] *********reading user info****************
2023-05-28 20:39:36,104 INFO a.t.UserTestsPropertiesFile [main] *********updating user info****************
2023-05-28 20:39:36,118 INFO a.t.UserTestsPropertiesFile [main] *********deleting user info****************
2023-05-28 20:45:28,918 INFO a.t.UserTestsPropertiesFile [main] *********creating user info****************
2023-05-28 20:45:29,945 INFO a.t.UserTestsPropertiesFile [main] *********reading user info****************
2023-05-28 20:45:29,969 INFO a.t.UserTestsPropertiesFile [main] *********updating user info****************
2023-05-28 20:45:29,981 INFO a.t.UserTestsPropertiesFile [main] *********deleting user info****************
2023-05-28 20:53:53,351 INFO a.t.UserTestsPropertiesFile [main] *********reading user info****************
2023-05-28 20:53:55,456 INFO a.t.UserTestsPropertiesFile [main] *********user info displayed****************
2023-05-28 21:30:01,121 INFO a.t.UserTestsPropertiesFile [main] *********reading user info****************
2023-05-28 21:30:03,296 INFO a.t.UserTestsPropertiesFile [main] *********user info displayed****************
2023-05-28 21:31:55,384 INFO a.t.UserTestsPropertiesFile [main] *********creating user info****************
2023-05-28 21:31:57,664 INFO a.t.UserTestsPropertiesFile [main] *********user info created****************
2023-05-28 21:31:57,670 INFO a.t.UserTestsPropertiesFile [main] *********reading user info****************
2023-05-28 21:31:58,811 INFO a.t.UserTestsPropertiesFile [main] *********user info displayed****************
2023-05-28 21:31:58,813 INFO a.t.UserTestsPropertiesFile [main] *********updating user info****************
2023-05-28 21:31:59,928 INFO a.t.UserTestsPropertiesFile [main] *********updated user info****************
2023-05-28 21:32:02,131 INFO a.t.UserTestsPropertiesFile [main] *********deleting user info****************
2023-05-28 21:33:33,784 INFO a.t.UserTestsPropertiesFile [main] *********creating user info****************
2023-05-28 21:33:36,096 INFO a.t.UserTestsPropertiesFile [main] *********user info created****************
2023-05-28 21:33:36,101 INFO a.t.UserTestsPropertiesFile [main] *********reading user info****************
2023-05-28 21:33:37,198 INFO a.t.UserTestsPropertiesFile [main] *********user info displayed****************
2023-05-28 21:33:37,201 INFO a.t.UserTestsPropertiesFile [main] *********updating user info****************
2023-05-28 21:33:38,340 INFO a.t.UserTestsPropertiesFile [main] *********updated user info****************
2023-05-28 21:33:40,848 INFO a.t.UserTestsPropertiesFile [main] *********deleting user info****************
2023-05-28 21:34:29,542 INFO a.t.UserTestsPropertiesFile [main] *********creating user info****************
2023-05-28 21:34:31,826 INFO a.t.UserTestsPropertiesFile [main] *********user info created****************
2023-05-28 21:34:31,832 INFO a.t.UserTestsPropertiesFile [main] *********reading user info****************
2023-05-28 21:34:32,952 INFO a.t.UserTestsPropertiesFile [main] *********user info displayed****************
2023-05-28 21:34:32,956 INFO a.t.UserTestsPropertiesFile [main] *********updating user info****************
2023-05-28 21:34:34,106 INFO a.t.UserTestsPropertiesFile [main] *********updated user info****************
2023-05-28 21:34:36,361 INFO a.t.UserTestsPropertiesFile [main] *********deleting user info****************
2023-05-28 21:34:37,506 INFO a.t.UserTestsPropertiesFile [main] *********user info deleted****************
2023-05-28 22:18:58,313 DEBUG o.a.p.o.o.PackageRelationshipCollection [main] Parsing relationship: /xl/_rels/workbook.xml.rels
2023-05-28 22:18:58,317 DEBUG o.a.p.o.o.PackageRelationshipCollection [main] Parsing relationship: /_rels/.rels
2023-05-28 22:18:58,665 DEBUG o.a.p.o.o.PackageRelationshipCollection [main] Parsing relationship: /xl/_rels/workbook.xml.rels
2023-05-28 22:18:58,669 DEBUG o.a.p.o.o.PackageRelationshipCollection [main] Parsing relationship: /_rels/.rels
2023-05-28 22:18:58,689 DEBUG o.a.p.o.o.PackageRelationshipCollection [main] Parsing relationship: /xl/_rels/workbook.xml.rels
2023-05-28 22:18:58,690 DEBUG o.a.p.o.o.PackageRelationshipCollection [main] Parsing relationship: /_rels/.rels
2023-05-28 22:18:58,724 DEBUG o.a.p.o.o.PackageRelationshipCollection [main] Parsing relationship: /xl/_rels/workbook.xml.rels
2023-05-28 22:18:58,725 DEBUG o.a.p.o.o.PackageRelationshipCollection [main] Parsing relationship: /_rels/.rels
2023-05-28 22:18:58,743 DEBUG o.a.p.o.o.PackageRelationshipCollection [main] Parsing relationship: /xl/_rels/workbook.xml.rels
2023-05-28 22:18:58,744 DEBUG o.a.p.o.o.PackageRelationshipCollection [main] Parsing relationship: /_rels/.rels
2023-05-28 22:18:58,758 DEBUG o.a.p.o.o.PackageRelationshipCollection [main] Parsing relationship: /xl/_rels/workbook.xml.rels
2023-05-28 22:18:58,759 DEBUG o.a.p.o.o.PackageRelationshipCollection [main] Parsing relationship: /_rels/.rels
2023-05-28 22:18:58,773 DEBUG o.a.p.o.o.PackageRelationshipCollection [main] Parsing relationship: /xl/_rels/workbook.xml.rels
2023-05-28 22:18:58,773 DEBUG o.a.p.o.o.PackageRelationshipCollection [main] Parsing relationship: /_rels/.rels
2023-05-28 22:18:58,788 DEBUG o.a.p.o.o.PackageRelationshipCollection [main] Parsing relationship: /xl/_rels/workbook.xml.rels
2023-05-28 22:18:58,788 DEBUG o.a.p.o.o.PackageRelationshipCollection [main] Parsing relationship: /_rels/.rels
2023-05-28 22:18:58,800 DEBUG o.a.p.o.o.PackageRelationshipCollection [main] Parsing relationship: /xl/_rels/workbook.xml.rels
2023-05-28 22:18:58,800 DEBUG o.a.p.o.o.PackageRelationshipCollection [main] Parsing relationship: /_rels/.rels
2023-05-28 22:18:58,812 DEBUG o.a.p.o.o.PackageRelationshipCollection [main] Parsing relationship: /xl/_rels/workbook.xml.rels
2023-05-28 22:18:58,812 DEBUG o.a.p.o.o.PackageRelationshipCollection [main] Parsing relationship: /_rels/.rels
2023-05-28 22:18:58,823 DEBUG o.a.p.o.o.PackageRelationshipCollection [main] Parsing relationship: /xl/_rels/workbook.xml.rels
2023-05-28 22:18:58,824 DEBUG o.a.p.o.o.PackageRelationshipCollection [main] Parsing relationship: /_rels/.rels
2023-05-28 22:18:58,836 DEBUG o.a.p.o.o.PackageRelationshipCollection [main] Parsing relationship: /xl/_rels/workbook.xml.rels
2023-05-28 22:18:58,836 DEBUG o.a.p.o.o.PackageRelationshipCollection [main] Parsing relationship: /_rels/.rels
2023-05-28 22:18:58,849 DEBUG o.a.p.o.o.PackageRelationshipCollection [main] Parsing relationship: /xl/_rels/workbook.xml.rels
2023-05-28 22:18:58,850 DEBUG o.a.p.o.o.PackageRelationshipCollection [main] Parsing relationship: /_rels/.rels
2023-05-28 22:18:58,860 DEBUG o.a.p.o.o.PackageRelationshipCollection [main] Parsing relationship: /xl/_rels/workbook.xml.rels
2023-05-28 22:18:58,861 DEBUG o.a.p.o.o.PackageRelationshipCollection [main] Parsing relationship: /_rels/.rels
2023-05-28 22:18:58,873 DEBUG o.a.p.o.o.PackageRelationshipCollection [main] Parsing relationship: /xl/_rels/workbook.xml.rels
2023-05-28 22:18:58,874 DEBUG o.a.p.o.o.PackageRelationshipCollection [main] Parsing relationship: /_rels/.rels
2023-05-28 22:18:58,886 DEBUG o.a.p.o.o.PackageRelationshipCollection [main] Parsing relationship: /xl/_rels/workbook.xml.rels
2023-05-28 22:18:58,887 DEBUG o.a.p.o.o.PackageRelationshipCollection [main] Parsing relationship: /_rels/.rels
2023-05-28 22:18:58,899 DEBUG o.a.p.o.o.PackageRelationshipCollection [main] Parsing relationship: /xl/_rels/workbook.xml.rels
2023-05-28 22:18:58,899 DEBUG o.a.p.o.o.PackageRelationshipCollection [main] Parsing relationship: /_rels/.rels
2023-05-28 22:18:58,909 DEBUG o.a.p.o.o.PackageRelationshipCollection [main] Parsing relationship: /xl/_rels/workbook.xml.rels
2023-05-28 22:18:58,910 DEBUG o.a.p.o.o.PackageRelationshipCollection [main] Parsing relationship: /_rels/.rels
2023-05-28 22:18:58,921 DEBUG o.a.p.o.o.PackageRelationshipCollection [main] Parsing relationship: /xl/_rels/workbook.xml.rels
2023-05-28 22:18:58,921 DEBUG o.a.p.o.o.PackageRelationshipCollection [main] Parsing relationship: /_rels/.rels
2023-05-28 22:18:58,933 DEBUG o.a.p.o.o.PackageRelationshipCollection [main] Parsing relationship: /xl/_rels/workbook.xml.rels
2023-05-28 22:18:58,933 DEBUG o.a.p.o.o.PackageRelationshipCollection [main] Parsing relationship: /_rels/.rels
2023-05-28 22:18:58,942 DEBUG o.a.p.o.o.PackageRelationshipCollection [main] Parsing relationship: /xl/_rels/workbook.xml.rels
2023-05-28 22:18:58,943 DEBUG o.a.p.o.o.PackageRelationshipCollection [main] Parsing relationship: /_rels/.rels
2023-05-28 22:18:58,953 DEBUG o.a.p.o.o.PackageRelationshipCollection [main] Parsing relationship: /xl/_rels/workbook.xml.rels
2023-05-28 22:18:58,953 DEBUG o.a.p.o.o.PackageRelationshipCollection [main] Parsing relationship: /_rels/.rels
2023-05-28 22:18:58,964 DEBUG o.a.p.o.o.PackageRelationshipCollection [main] Parsing relationship: /xl/_rels/workbook.xml.rels
2023-05-28 22:18:58,964 DEBUG o.a.p.o.o.PackageRelationshipCollection [main] Parsing relationship: /_rels/.rels
2023-05-28 22:18:58,990 INFO a.t.DataDriverTest [main] *********creating user info****************
2023-05-28 22:19:01,321 INFO a.t.DataDriverTest [main] *********Created user info****************
2023-05-28 22:19:01,324 INFO a.t.DataDriverTest [main] *********creating user info****************
2023-05-28 22:19:02,407 INFO a.t.DataDriverTest [main] *********Created user info****************
2023-05-28 22:19:02,409 INFO a.t.DataDriverTest [main] *********creating user info****************
2023-05-28 22:19:03,482 INFO a.t.DataDriverTest [main] *********Created user info****************
2023-05-28 22:19:03,488 DEBUG o.a.p.o.o.PackageRelationshipCollection [main] Parsing relationship: /xl/_rels/workbook.xml.rels
2023-05-28 22:19:03,489 DEBUG o.a.p.o.o.PackageRelationshipCollection [main] Parsing relationship: /_rels/.rels
2023-05-28 22:19:03,499 DEBUG o.a.p.o.o.PackageRelationshipCollection [main] Parsing relationship: /xl/_rels/workbook.xml.rels
2023-05-28 22:19:03,499 DEBUG o.a.p.o.o.PackageRelationshipCollection [main] Parsing relationship: /_rels/.rels
2023-05-28 22:19:03,508 DEBUG o.a.p.o.o.PackageRelationshipCollection [main] Parsing relationship: /xl/_rels/workbook.xml.rels
2023-05-28 22:19:03,509 DEBUG o.a.p.o.o.PackageRelationshipCollection [main] Parsing relationship: /_rels/.rels
2023-05-28 22:19:03,519 DEBUG o.a.p.o.o.PackageRelationshipCollection [main] Parsing relationship: /xl/_rels/workbook.xml.rels
2023-05-28 22:19:03,519 DEBUG o.a.p.o.o.PackageRelationshipCollection [main] Parsing relationship: /_rels/.rels
2023-05-28 22:19:03,528 INFO a.t.DataDriverTest [main] *********deleting user info****************
2023-05-28 22:19:04,648 INFO a.t.DataDriverTest [main] *********user info DELETED****************
2023-05-28 22:19:04,649 INFO a.t.DataDriverTest [main] *********deleting user info****************
2023-05-28 22:19:05,674 INFO a.t.DataDriverTest [main] *********user info DELETED****************
2023-05-28 22:19:05,675 INFO a.t.DataDriverTest [main] *********deleting user info****************
2023-05-28 22:19:06,818 INFO a.t.DataDriverTest [main] *********user info DELETED****************
2023-05-28 22:19:06,925 INFO a.t.UserTests [main] *********creating user info****************
2023-05-28 22:19:08,053 INFO a.t.UserTests [main] *********user info created****************
2023-05-28 22:19:08,055 INFO a.t.UserTests [main] *********reading user info****************
2023-05-28 22:19:09,171 INFO a.t.UserTests [main] *********user info displayed****************
2023-05-28 22:19:09,173 INFO a.t.UserTests [main] *********updating user info****************
2023-05-28 22:19:10,355 INFO a.t.UserTests [main] *********updated user info****************
2023-05-28 22:19:12,571 INFO a.t.UserTests [main] *********deleting user info****************
2023-05-28 22:19:13,666 INFO a.t.UserTests [main] *********user info deleted****************
2023-05-28 22:29:49,520 DEBUG o.a.p.o.o.PackageRelationshipCollection [main] Parsing relationship: /xl/_rels/workbook.xml.rels
2023-05-28 22:29:49,527 DEBUG o.a.p.o.o.PackageRelationshipCollection [main] Parsing relationship: /_rels/.rels
2023-05-28 22:29:49,847 DEBUG o.a.p.o.o.PackageRelationshipCollection [main] Parsing relationship: /xl/_rels/workbook.xml.rels
2023-05-28 22:29:49,848 DEBUG o.a.p.o.o.PackageRelationshipCollection [main] Parsing relationship: /_rels/.rels
2023-05-28 22:29:49,868 DEBUG o.a.p.o.o.PackageRelationshipCollection [main] Parsing relationship: /xl/_rels/workbook.xml.rels
2023-05-28 22:29:49,868 DEBUG o.a.p.o.o.PackageRelationshipCollection [main] Parsing relationship: /_rels/.rels
2023-05-28 22:29:49,899 DEBUG o.a.p.o.o.PackageRelationshipCollection [main] Parsing relationship: /xl/_rels/workbook.xml.rels
2023-05-28 22:29:49,900 DEBUG o.a.p.o.o.PackageRelationshipCollection [main] Parsing relationship: /_rels/.rels
2023-05-28 22:29:49,921 DEBUG o.a.p.o.o.PackageRelationshipCollection [main] Parsing relationship: /xl/_rels/workbook.xml.rels
2023-05-28 22:29:49,922 DEBUG o.a.p.o.o.PackageRelationshipCollection [main] Parsing relationship: /_rels/.rels
2023-05-28 22:29:49,940 DEBUG o.a.p.o.o.PackageRelationshipCollection [main] Parsing relationship: /xl/_rels/workbook.xml.rels
2023-05-28 22:29:49,940 DEBUG o.a.p.o.o.PackageRelationshipCollection [main] Parsing relationship: /_rels/.rels
2023-05-28 22:29:49,955 DEBUG o.a.p.o.o.PackageRelationshipCollection [main] Parsing relationship: /xl/_rels/workbook.xml.rels
2023-05-28 22:29:49,956 DEBUG o.a.p.o.o.PackageRelationshipCollection [main] Parsing relationship: /_rels/.rels
2023-05-28 22:29:49,971 DEBUG o.a.p.o.o.PackageRelationshipCollection [main] Parsing relationship: /xl/_rels/workbook.xml.rels
2023-05-28 22:29:49,971 DEBUG o.a.p.o.o.PackageRelationshipCollection [main] Parsing relationship: /_rels/.rels
2023-05-28 22:29:49,986 DEBUG o.a.p.o.o.PackageRelationshipCollection [main] Parsing relationship: /xl/_rels/workbook.xml.rels
2023-05-28 22:29:49,986 DEBUG o.a.p.o.o.PackageRelationshipCollection [main] Parsing relationship: /_rels/.rels
2023-05-28 22:29:50,001 DEBUG o.a.p.o.o.PackageRelationshipCollection [main] Parsing relationship: /xl/_rels/workbook.xml.rels
2023-05-28 22:29:50,002 DEBUG o.a.p.o.o.PackageRelationshipCollection [main] Parsing relationship: /_rels/.rels
2023-05-28 22:29:50,014 DEBUG o.a.p.o.o.PackageRelationshipCollection [main] Parsing relationship: /xl/_rels/workbook.xml.rels
2023-05-28 22:29:50,015 DEBUG o.a.p.o.o.PackageRelationshipCollection [main] Parsing relationship: /_rels/.rels
2023-05-28 22:29:50,026 DEBUG o.a.p.o.o.PackageRelationshipCollection [main] Parsing relationship: /xl/_rels/workbook.xml.rels
2023-05-28 22:29:50,027 DEBUG o.a.p.o.o.PackageRelationshipCollection [main] Parsing relationship: /_rels/.rels
2023-05-28 22:29:50,039 DEBUG o.a.p.o.o.PackageRelationshipCollection [main] Parsing relationship: /xl/_rels/workbook.xml.rels
2023-05-28 22:29:50,039 DEBUG o.a.p.o.o.PackageRelationshipCollection [main] Parsing relationship: /_rels/.rels
2023-05-28 22:29:50,049 DEBUG o.a.p.o.o.PackageRelationshipCollection [main] Parsing relationship: /xl/_rels/workbook.xml.rels
2023-05-28 22:29:50,050 DEBUG o.a.p.o.o.PackageRelationshipCollection [main] Parsing relationship: /_rels/.rels
2023-05-28 22:29:50,061 DEBUG o.a.p.o.o.PackageRelationshipCollection [main] Parsing relationship: /xl/_rels/workbook.xml.rels
2023-05-28 22:29:50,061 DEBUG o.a.p.o.o.PackageRelationshipCollection [main] Parsing relationship: /_rels/.rels
2023-05-28 22:29:50,072 DEBUG o.a.p.o.o.PackageRelationshipCollection [main] Parsing relationship: /xl/_rels/workbook.xml.rels
2023-05-28 22:29:50,073 DEBUG o.a.p.o.o.PackageRelationshipCollection [main] Parsing relationship: /_rels/.rels
2023-05-28 22:29:50,089 DEBUG o.a.p.o.o.PackageRelationshipCollection [main] Parsing relationship: /xl/_rels/workbook.xml.rels
2023-05-28 22:29:50,089 DEBUG o.a.p.o.o.PackageRelationshipCollection [main] Parsing relationship: /_rels/.rels
2023-05-28 22:29:50,100 DEBUG o.a.p.o.o.PackageRelationshipCollection [main] Parsing relationship: /xl/_rels/workbook.xml.rels
2023-05-28 22:29:50,100 DEBUG o.a.p.o.o.PackageRelationshipCollection [main] Parsing relationship: /_rels/.rels
2023-05-28 22:29:50,110 DEBUG o.a.p.o.o.PackageRelationshipCollection [main] Parsing relationship: /xl/_rels/workbook.xml.rels
2023-05-28 22:29:50,110 DEBUG o.a.p.o.o.PackageRelationshipCollection [main] Parsing relationship: /_rels/.rels
2023-05-28 22:29:50,121 DEBUG o.a.p.o.o.PackageRelationshipCollection [main] Parsing relationship: /xl/_rels/workbook.xml.rels
2023-05-28 22:29:50,122 DEBUG o.a.p.o.o.PackageRelationshipCollection [main] Parsing relationship: /_rels/.rels
2023-05-28 22:29:50,133 DEBUG o.a.p.o.o.PackageRelationshipCollection [main] Parsing relationship: /xl/_rels/workbook.xml.rels
2023-05-28 22:29:50,133 DEBUG o.a.p.o.o.PackageRelationshipCollection [main] Parsing relationship: /_rels/.rels
2023-05-28 22:29:50,147 DEBUG o.a.p.o.o.PackageRelationshipCollection [main] Parsing relationship: /xl/_rels/workbook.xml.rels
2023-05-28 22:29:50,148 DEBUG o.a.p.o.o.PackageRelationshipCollection [main] Parsing relationship: /_rels/.rels
2023-05-28 22:29:50,161 DEBUG o.a.p.o.o.PackageRelationshipCollection [main] Parsing relationship: /xl/_rels/workbook.xml.rels
2023-05-28 22:29:50,161 DEBUG o.a.p.o.o.PackageRelationshipCollection [main] Parsing relationship: /_rels/.rels
2023-05-28 22:29:50,190 INFO a.t.DataDriverTest [main] *********creating user info****************
2023-05-28 22:29:52,764 INFO a.t.DataDriverTest [main] *********Created user info****************
2023-05-28 22:29:52,767 INFO a.t.DataDriverTest [main] *********creating user info****************
2023-05-28 22:29:54,133 INFO a.t.DataDriverTest [main] *********Created user info****************
2023-05-28 22:29:54,134 INFO a.t.DataDriverTest [main] *********creating user info****************
2023-05-28 22:29:57,263 INFO a.t.DataDriverTest [main] *********Created user info****************
2023-05-28 22:29:57,268 DEBUG o.a.p.o.o.PackageRelationshipCollection [main] Parsing relationship: /xl/_rels/workbook.xml.rels
2023-05-28 22:29:57,268 DEBUG o.a.p.o.o.PackageRelationshipCollection [main] Parsing relationship: /_rels/.rels
2023-05-28 22:29:57,277 DEBUG o.a.p.o.o.PackageRelationshipCollection [main] Parsing relationship: /xl/_rels/workbook.xml.rels
2023-05-28 22:29:57,278 DEBUG o.a.p.o.o.PackageRelationshipCollection [main] Parsing relationship: /_rels/.rels
2023-05-28 22:29:57,288 DEBUG o.a.p.o.o.PackageRelationshipCollection [main] Parsing relationship: /xl/_rels/workbook.xml.rels
2023-05-28 22:29:57,289 DEBUG o.a.p.o.o.PackageRelationshipCollection [main] Parsing relationship: /_rels/.rels
2023-05-28 22:29:57,301 DEBUG o.a.p.o.o.PackageRelationshipCollection [main] Parsing relationship: /xl/_rels/workbook.xml.rels
2023-05-28 22:29:57,301 DEBUG o.a.p.o.o.PackageRelationshipCollection [main] Parsing relationship: /_rels/.rels
2023-05-28 22:29:57,312 INFO a.t.DataDriverTest [main] *********deleting user info****************
2023-05-28 22:29:58,494 INFO a.t.DataDriverTest [main] *********user info DELETED****************
2023-05-28 22:29:58,495 INFO a.t.DataDriverTest [main] *********deleting user info****************
2023-05-28 22:29:59,605 INFO a.t.DataDriverTest [main] *********user info DELETED****************
2023-05-28 22:29:59,605 INFO a.t.DataDriverTest [main] *********deleting user info****************
2023-05-28 22:30:00,754 INFO a.t.DataDriverTest [main] *********user info DELETED****************
2023-05-28 22:30:00,873 INFO a.t.UserTests [main] *********creating user info****************
2023-05-28 22:30:02,179 INFO a.t.UserTests [main] *********user info created****************
2023-05-28 22:30:02,180 INFO a.t.UserTests [main] *********reading user info****************
2023-05-28 22:30:03,324 INFO a.t.UserTests [main] *********user info displayed****************
2023-05-28 22:30:03,326 INFO a.t.UserTests [main] *********updating user info****************
2023-05-28 22:30:04,459 INFO a.t.UserTests [main] *********updated user info****************
2023-05-28 22:30:07,657 INFO a.t.UserTests [main] *********deleting user info****************
2023-05-28 22:30:08,748 INFO a.t.UserTests [main] *********user info deleted****************
